<?xml version="1.0" encoding="UTF-8"?>
<testng-results skipped="0" failed="2" total="2" passed="0">
  <reporter-output>
  </reporter-output>
  <suite name="Default suite" duration-ms="1942" started-at="2014-12-22T14:46:07Z" finished-at="2014-12-22T14:46:09Z">
    <groups>
    </groups>
    <test name="Default test" duration-ms="1942" started-at="2014-12-22T14:46:07Z" finished-at="2014-12-22T14:46:09Z">
      <class name="com.maax.businessmanager.common.sampleTest">
        <test-method status="FAIL" signature="basicnavigation(java.util.Hashtable)[pri:0, instance:com.maax.businessmanager.common.sampleTest@48140564]" name="basicnavigation" duration-ms="714" started-at="2014-12-22T10:46:08Z" data-provider="SuiteCommontestdata" finished-at="2014-12-22T10:46:09Z">
          <params>
            <param index="0">
              <value>
                <![CDATA[{qual period dp=Days, Browser=Firefox, Password=Welcome1, HC=Medavie Blue Cross, DepTermcalDP=Exact, Username=bcchase, Code=AUTO1B, Waitingperiod=0, Result=, Term.Age=60, TermDatecal=Exact, Runmode=Y, SubCate=Student, StartDatecal=Exact, DepTerm age=22, Status=Inforce, Category=Child, Qual Period=10, Description=Sample Test, BOB=Group, WaitingperiodDP=Days}]]>
              </value>
            </param>
          </params>
          <exception class="java.lang.NullPointerException">
            <message>
              <![CDATA[null value in entry: desiredCapabilities=null]]>
            </message>
            <full-stacktrace>
              <![CDATA[java.lang.NullPointerException: null value in entry: desiredCapabilities=null
	at com.google.common.collect.CollectPreconditions.checkEntryNotNull(CollectPreconditions.java:33)
	at com.google.common.collect.ImmutableMap.entryOf(ImmutableMap.java:135)
	at com.google.common.collect.ImmutableMap$Builder.put(ImmutableMap.java:206)
	at org.openqa.selenium.remote.RemoteWebDriver.startSession(RemoteWebDriver.java:234)
	at org.openqa.selenium.remote.RemoteWebDriver.<init>(RemoteWebDriver.java:126)
	at org.openqa.selenium.remote.RemoteWebDriver.<init>(RemoteWebDriver.java:153)
	at com.maax.businessmanager.util.TestBase.openbrowsergrid(TestBase.java:134)
	at com.maax.businessmanager.util.TestBase.init(TestBase.java:38)
	at com.maax.businessmanager.common.sampleTest.basicnavigation(sampleTest.java:24)
	at sun.reflect.NativeMethodAccessorImpl.invoke0(Native Method)
	at sun.reflect.NativeMethodAccessorImpl.invoke(Unknown Source)
	at sun.reflect.DelegatingMethodAccessorImpl.invoke(Unknown Source)
	at java.lang.reflect.Method.invoke(Unknown Source)
	at org.testng.internal.MethodInvocationHelper.invokeMethod(MethodInvocationHelper.java:84)
	at org.testng.internal.Invoker.invokeMethod(Invoker.java:714)
	at org.testng.internal.Invoker.invokeTestMethod(Invoker.java:901)
	at org.testng.internal.TestMethodWithDataProviderMethodWorker.call(TestMethodWithDataProviderMethodWorker.java:73)
	at org.testng.internal.TestMethodWithDataProviderMethodWorker.call(TestMethodWithDataProviderMethodWorker.java:14)
	at java.util.concurrent.FutureTask.run(Unknown Source)
	at java.util.concurrent.Executors$RunnableAdapter.call(Unknown Source)
	at java.util.concurrent.FutureTask.run(Unknown Source)
	at java.util.concurrent.ThreadPoolExecutor.runWorker(Unknown Source)
	at java.util.concurrent.ThreadPoolExecutor$Worker.run(Unknown Source)
	at java.lang.Thread.run(Unknown Source)
]]>
            </full-stacktrace>
          </exception> <!-- java.lang.NullPointerException -->
          <reporter-output>
          </reporter-output>
        </test-method> <!-- basicnavigation -->
        <test-method status="FAIL" signature="basicnavigation(java.util.Hashtable)[pri:0, instance:com.maax.businessmanager.common.sampleTest@48140564]" name="basicnavigation" duration-ms="714" started-at="2014-12-22T10:46:08Z" data-provider="SuiteCommontestdata" finished-at="2014-12-22T10:46:09Z">
          <params>
            <param index="0">
              <value>
                <![CDATA[{qual period dp=Days, Browser=Chrome, Password=Welcome1, HC=Medavie Blue Cross, DepTermcalDP=Exact, Username=bcchase, Code=AUTO1B, Waitingperiod=0, Result=, Term.Age=60, TermDatecal=Exact, Runmode=Y, SubCate=Student, StartDatecal=Exact, DepTerm age=22, Status=Inforce, Category=Child, Qual Period=10, Description=Sample Test, BOB=Group, WaitingperiodDP=Days}]]>
              </value>
            </param>
          </params>
          <exception class="java.lang.NullPointerException">
            <message>
              <![CDATA[null value in entry: desiredCapabilities=null]]>
            </message>
            <full-stacktrace>
              <![CDATA[java.lang.NullPointerException: null value in entry: desiredCapabilities=null
	at com.google.common.collect.CollectPreconditions.checkEntryNotNull(CollectPreconditions.java:33)
	at com.google.common.collect.ImmutableMap.entryOf(ImmutableMap.java:135)
	at com.google.common.collect.ImmutableMap$Builder.put(ImmutableMap.java:206)
	at org.openqa.selenium.remote.RemoteWebDriver.startSession(RemoteWebDriver.java:234)
	at org.openqa.selenium.remote.RemoteWebDriver.<init>(RemoteWebDriver.java:126)
	at org.openqa.selenium.remote.RemoteWebDriver.<init>(RemoteWebDriver.java:153)
	at com.maax.businessmanager.util.TestBase.openbrowsergrid(TestBase.java:134)
	at com.maax.businessmanager.util.TestBase.init(TestBase.java:38)
	at com.maax.businessmanager.common.sampleTest.basicnavigation(sampleTest.java:24)
	at sun.reflect.NativeMethodAccessorImpl.invoke0(Native Method)
	at sun.reflect.NativeMethodAccessorImpl.invoke(Unknown Source)
	at sun.reflect.DelegatingMethodAccessorImpl.invoke(Unknown Source)
	at java.lang.reflect.Method.invoke(Unknown Source)
	at org.testng.internal.MethodInvocationHelper.invokeMethod(MethodInvocationHelper.java:84)
	at org.testng.internal.Invoker.invokeMethod(Invoker.java:714)
	at org.testng.internal.Invoker.invokeTestMethod(Invoker.java:901)
	at org.testng.internal.TestMethodWithDataProviderMethodWorker.call(TestMethodWithDataProviderMethodWorker.java:73)
	at org.testng.internal.TestMethodWithDataProviderMethodWorker.call(TestMethodWithDataProviderMethodWorker.java:14)
	at java.util.concurrent.FutureTask.run(Unknown Source)
	at java.util.concurrent.Executors$RunnableAdapter.call(Unknown Source)
	at java.util.concurrent.FutureTask.run(Unknown Source)
	at java.util.concurrent.ThreadPoolExecutor.runWorker(Unknown Source)
	at java.util.concurrent.ThreadPoolExecutor$Worker.run(Unknown Source)
	at java.lang.Thread.run(Unknown Source)
]]>
            </full-stacktrace>
          </exception> <!-- java.lang.NullPointerException -->
          <reporter-output>
          </reporter-output>
        </test-method> <!-- basicnavigation -->
      </class> <!-- com.maax.businessmanager.common.sampleTest -->
    </test> <!-- Default test -->
  </suite> <!-- Default suite -->
</testng-results>
